<?xml version="1.0" encoding="UTF-8" ?>
<testsuite tests="8" failures="0" name="py4j.commands.FieldCommandTest" time="0" errors="0" skipped="0">
  <properties>
[...]
</properties>
  <testcase classname="py4j.commands.FieldCommandTest" name="testPrivateMember" time="0"/>
  <testcase classname="py4j.commands.FieldCommandTest" name="testPrimitive" time="0"/>
  <testcase classname="py4j.commands.FieldCommandTest" name="testNull" time="0"/>
  <testcase classname="py4j.commands.FieldCommandTest" name="testSetNoField" time="0"/>
  <testcase classname="py4j.commands.FieldCommandTest" name="testSetFieldObject" time="0"/>
  <testcase classname="py4j.commands.FieldCommandTest" name="testNoMember" time="0"/>
  <testcase classname="py4j.commands.FieldCommandTest" name="testObject" time="0"/>
  <testcase classname="py4j.commands.FieldCommandTest" name="testSetField" time="0"/>
</testsuite>